<?xml version="1.0" encoding="UTF-8"?>
<!-- Generated by org.testng.reporters.JUnitReportReporter -->
<testsuite hostname="Dean" failures="0" tests="2" name="com.sdet.junit.CalculaterTestng" time="0.015" errors="0" timestamp="2023-06-30T12:06:12 IST" skipped="0">
  <testcase classname="com.sdet.junit.CalculaterTestng" name="sub1Test" time="0.001"/>
  <system-out/>
  <testcase classname="com.sdet.junit.CalculaterTestng" name="add1Test" time="0.014"/>
  <system-out/>
</testsuite> <!-- com.sdet.junit.CalculaterTestng -->
