<?xml version="1.0" encoding="UTF-8"?>
<!-- Generated by org.testng.reporters.JUnitReportReporter -->
<testsuite hostname="Dean" failures="0" tests="2" name="com.sdet.junit.AmazonAplication" time="55.558" errors="0" timestamp="2023-06-30T12:11:12 IST" skipped="0">
  <testcase classname="com.sdet.junit.AmazonAplication" name="chrome2" time="27.778"/>
  <system-out/>
  <testcase classname="com.sdet.junit.AmazonAplication" name="chrome1" time="27.780"/>
  <system-out/>
</testsuite> <!-- com.sdet.junit.AmazonAplication -->
